#
# There is insufficient memory for the Java Runtime Environment to continue.
# Native memory allocation (malloc) failed to allocate 1054096 bytes. Error detail: Chunk::new
# Possible reasons:
#   The system is out of physical RAM or swap space
#   This process is running with CompressedOops enabled, and the Java Heap may be blocking the growth of the native heap
# Possible solutions:
#   Reduce memory load on the system
#   Increase physical memory or swap space
#   Check if swap backing store is full
#   Decrease Java heap size (-Xmx/-Xms)
#   Decrease number of Java threads
#   Decrease Java thread stack sizes (-Xss)
#   Set larger code cache with -XX:ReservedCodeCacheSize=
#   JVM is running with Unscaled Compressed Oops mode in which the Java heap is
#     placed in the first 4GB address space. The Java Heap base address is the
#     maximum limit for the native heap growth. Please use -XX:HeapBaseMinAddress
#     to set the Java Heap base and to place the Java Heap above 4GB virtual address.
# This output file may be truncated or incomplete.
#
#  Out of Memory Error (arena.cpp:191), pid=18536, tid=24764
#
# JRE version: OpenJDK Runtime Environment Microsoft-11369865 (17.0.15+6) (build 17.0.15+6-LTS)
# Java VM: OpenJDK 64-Bit Server VM Microsoft-11369865 (17.0.15+6-LTS, mixed mode, sharing, tiered, compressed oops, compressed class ptrs, g1 gc, windows-amd64)
# No core dump will be written. Minidumps are not enabled by default on client versions of Windows
#

---------------  S U M M A R Y ------------

Command Line: -javaagent:C:\Program Files\JetBrains\IntelliJ IDEA Community Edition 2025.2.1\lib\idea_rt.jar=54521 -Dfile.encoding=UTF-8 com.sharathtrade.StockDeatils.StockDeatilsApplication

Host: Intel(R) Core(TM) i3-10105 CPU @ 3.70GHz, 8 cores, 3G,  Windows 11 , 64 bit Build 26100 (10.0.26100.5074)
Time: Wed Oct 15 11:04:07 2025 India Standard Time elapsed time: 1437.409511 seconds (0d 0h 23m 57s)

---------------  T H R E A D  ---------------

Current thread (0x0000020e7990e750):  JavaThread "C2 CompilerThread0" daemon [_thread_in_native, id=24764, stack(0x000000e581700000,0x000000e581800000)]


Current CompileTask:
C2:1437410 5901   !   4       com.sun.crypto.provider.PBKDF2KeyImpl::deriveKey (302 bytes)

Stack: [0x000000e581700000,0x000000e581800000]
Native frames: (J=compiled Java code, j=interpreted, Vv=VM code, C=native code)
V  [jvm.dll+0x6887a9]
V  [jvm.dll+0x83f5a8]
V  [jvm.dll+0x841053]
V  [jvm.dll+0x8416c3]
V  [jvm.dll+0x2496ef]
V  [jvm.dll+0xad134]
V  [jvm.dll+0xad7cc]
V  [jvm.dll+0x36aedf]
V  [jvm.dll+0x335513]
V  [jvm.dll+0x3349aa]
V  [jvm.dll+0x21a908]
V  [jvm.dll+0x219d3f]
V  [jvm.dll+0x1a55f6]
V  [jvm.dll+0x22a39a]
V  [jvm.dll+0x2284db]
V  [jvm.dll+0x7f4e28]
V  [jvm.dll+0x7ef2dc]
V  [jvm.dll+0x687687]
C  [ucrtbase.dll+0x37b0]
C  [KERNEL32.DLL+0x2e8d7]
C  [ntdll.dll+0x8d9c]


---------------  P R O C E S S  ---------------

Threads class SMR info:
_java_thread_list=0x0000020e7e21cf90, length=39, elements={
0x0000020e798eb650, 0x0000020e798ec7b0, 0x0000020e799016b0, 0x0000020e79901f80,
0x0000020e79902ff0, 0x0000020e799048d0, 0x0000020e7990e750, 0x0000020e7990f800,
0x0000020e799108b0, 0x0000020e79a10050, 0x0000020e7e0c2100, 0x0000020e79c08ce0,
0x0000020e7f30a080, 0x0000020e50bc49e0, 0x0000020e508969b0, 0x0000020e516b55c0,
0x0000020e516b2830, 0x0000020e516b4ba0, 0x0000020e516b2320, 0x0000020e516b3250,
0x0000020e516b4690, 0x0000020e516b3760, 0x0000020e516b3c70, 0x0000020e516b4180,
0x0000020e516b50b0, 0x0000020e50ed9a50, 0x0000020e50ed8b20, 0x0000020e50ed9540,
0x0000020e50ed9030, 0x0000020e50ed6cc0, 0x0000020e50ed76e0, 0x0000020e50ed7bf0,
0x0000020e50ed62a0, 0x0000020e50ed9f60, 0x0000020e50ed67b0, 0x0000020e50ed8100,
0x0000020e50edae90, 0x0000020e50eda470, 0x0000020e50ed8610
}

Java Threads: ( => current thread )
  0x0000020e798eb650 JavaThread "Reference Handler" daemon [_thread_blocked, id=15112, stack(0x000000e581100000,0x000000e581200000)]
  0x0000020e798ec7b0 JavaThread "Finalizer" daemon [_thread_blocked, id=7936, stack(0x000000e581200000,0x000000e581300000)]
  0x0000020e799016b0 JavaThread "Signal Dispatcher" daemon [_thread_blocked, id=18884, stack(0x000000e581300000,0x000000e581400000)]
  0x0000020e79901f80 JavaThread "Attach Listener" daemon [_thread_blocked, id=13736, stack(0x000000e581400000,0x000000e581500000)]
  0x0000020e79902ff0 JavaThread "Service Thread" daemon [_thread_blocked, id=16376, stack(0x000000e581500000,0x000000e581600000)]
  0x0000020e799048d0 JavaThread "Monitor Deflation Thread" daemon [_thread_blocked, id=17924, stack(0x000000e581600000,0x000000e581700000)]
=>0x0000020e7990e750 JavaThread "C2 CompilerThread0" daemon [_thread_in_native, id=24764, stack(0x000000e581700000,0x000000e581800000)]
  0x0000020e7990f800 JavaThread "C1 CompilerThread0" daemon [_thread_blocked, id=6604, stack(0x000000e581800000,0x000000e581900000)]
  0x0000020e799108b0 JavaThread "Sweeper thread" daemon [_thread_blocked, id=680, stack(0x000000e581900000,0x000000e581a00000)]
  0x0000020e79a10050 JavaThread "Common-Cleaner" daemon [_thread_blocked, id=13232, stack(0x000000e581a00000,0x000000e581b00000)]
  0x0000020e7e0c2100 JavaThread "Monitor Ctrl-Break" daemon [_thread_in_native, id=24760, stack(0x000000e581b00000,0x000000e581c00000)]
  0x0000020e79c08ce0 JavaThread "Notification Thread" daemon [_thread_blocked, id=22848, stack(0x000000e581c00000,0x000000e581d00000)]
  0x0000020e7f30a080 JavaThread "Catalina-utility-1" [_thread_blocked, id=13404, stack(0x000000e582700000,0x000000e582800000)]
  0x0000020e50bc49e0 JavaThread "Catalina-utility-2" [_thread_blocked, id=22676, stack(0x000000e582800000,0x000000e582900000)]
  0x0000020e508969b0 JavaThread "container-0" [_thread_blocked, id=8800, stack(0x000000e582900000,0x000000e582a00000)]
  0x0000020e516b55c0 JavaThread "PostgreSQL-JDBC-Cleaner" daemon [_thread_blocked, id=21436, stack(0x000000e582b00000,0x000000e582c00000)]
  0x0000020e516b2830 JavaThread "HikariPool-1:housekeeper" daemon [_thread_blocked, id=1532, stack(0x000000e582c00000,0x000000e582d00000)]
  0x0000020e516b4ba0 JavaThread "http-nio-8080-exec-1" daemon [_thread_blocked, id=14944, stack(0x000000e582300000,0x000000e582400000)]
  0x0000020e516b2320 JavaThread "http-nio-8080-exec-2" daemon [_thread_blocked, id=7680, stack(0x000000e582e00000,0x000000e582f00000)]
  0x0000020e516b3250 JavaThread "http-nio-8080-exec-3" daemon [_thread_blocked, id=2624, stack(0x000000e582f00000,0x000000e583000000)]
  0x0000020e516b4690 JavaThread "http-nio-8080-exec-4" daemon [_thread_blocked, id=19548, stack(0x000000e583000000,0x000000e583100000)]
  0x0000020e516b3760 JavaThread "http-nio-8080-exec-5" daemon [_thread_blocked, id=16684, stack(0x000000e583100000,0x000000e583200000)]
  0x0000020e516b3c70 JavaThread "http-nio-8080-exec-6" daemon [_thread_blocked, id=20992, stack(0x000000e583200000,0x000000e583300000)]
  0x0000020e516b4180 JavaThread "http-nio-8080-exec-7" daemon [_thread_blocked, id=19364, stack(0x000000e583300000,0x000000e583400000)]
  0x0000020e516b50b0 JavaThread "http-nio-8080-exec-8" daemon [_thread_blocked, id=16492, stack(0x000000e583400000,0x000000e583500000)]
  0x0000020e50ed9a50 JavaThread "http-nio-8080-exec-9" daemon [_thread_blocked, id=8132, stack(0x000000e583500000,0x000000e583600000)]
  0x0000020e50ed8b20 JavaThread "http-nio-8080-exec-10" daemon [_thread_blocked, id=11372, stack(0x000000e583600000,0x000000e583700000)]
  0x0000020e50ed9540 JavaThread "http-nio-8080-Poller" daemon [_thread_in_native, id=22520, stack(0x000000e583700000,0x000000e583800000)]
  0x0000020e50ed9030 JavaThread "http-nio-8080-Acceptor" daemon [_thread_in_native, id=18756, stack(0x000000e583800000,0x000000e583900000)]
  0x0000020e50ed6cc0 JavaThread "DestroyJavaVM" [_thread_blocked, id=24148, stack(0x000000e580a00000,0x000000e580b00000)]
  0x0000020e50ed76e0 JavaThread "HttpClient-1-SelectorManager" daemon [_thread_in_native, id=10224, stack(0x000000e580900000,0x000000e580a00000)]
  0x0000020e50ed7bf0 JavaThread "HttpClient-2-SelectorManager" daemon [_thread_in_native, id=14008, stack(0x000000e580700000,0x000000e580800000)]
  0x0000020e50ed62a0 JavaThread "HttpClient-3-SelectorManager" daemon [_thread_in_native, id=8136, stack(0x000000e580800000,0x000000e580900000)]
  0x0000020e50ed9f60 JavaThread "HttpClient-4-SelectorManager" daemon [_thread_in_native, id=18576, stack(0x000000e582a00000,0x000000e582b00000)]
  0x0000020e50ed67b0 JavaThread "HikariPool-1:connection-closer" daemon [_thread_blocked, id=11716, stack(0x000000e582d00000,0x000000e582e00000)]
  0x0000020e50ed8100 JavaThread "HikariPool-1:connection-adder" daemon [_thread_in_native, id=9508, stack(0x000000e583a00000,0x000000e583b00000)]
  0x0000020e50edae90 JavaThread "HttpClient-4-Worker-0" daemon [_thread_blocked, id=1960, stack(0x000000e583b00000,0x000000e583c00000)]
  0x0000020e50eda470 JavaThread "HttpClient-4-Worker-1" daemon [_thread_blocked, id=14556, stack(0x000000e583c00000,0x000000e583d00000)]
  0x0000020e50ed8610 JavaThread "ForkJoinPool.commonPool-worker-4" daemon [_thread_blocked, id=3688, stack(0x000000e583d00000,0x000000e583e00000)]

Other Threads:
  0x0000020e798df6a0 VMThread "VM Thread" [stack: 0x000000e581000000,0x000000e581100000] [id=22876]
  0x0000020e6cd20af0 WatcherThread [stack: 0x000000e581d00000,0x000000e581e00000] [id=4284]
  0x0000020e6cd5d920 GCTaskThread "GC Thread#0" [stack: 0x000000e580b00000,0x000000e580c00000] [id=15440]
  0x0000020e79d68830 GCTaskThread "GC Thread#1" [stack: 0x000000e581e00000,0x000000e581f00000] [id=3936]
  0x0000020e79d68570 GCTaskThread "GC Thread#2" [stack: 0x000000e581f00000,0x000000e582000000] [id=12508]
  0x0000020e79d682b0 GCTaskThread "GC Thread#3" [stack: 0x000000e582000000,0x000000e582100000] [id=22816]
  0x0000020e79d68db0 GCTaskThread "GC Thread#4" [stack: 0x000000e582100000,0x000000e582200000] [id=20068]
  0x0000020e79d695f0 GCTaskThread "GC Thread#5" [stack: 0x000000e582200000,0x000000e582300000] [id=21096]
  0x0000020e79d69b70 GCTaskThread "GC Thread#6" [stack: 0x000000e582500000,0x000000e582600000] [id=16488]
  0x0000020e79d698b0 GCTaskThread "GC Thread#7" [stack: 0x000000e582600000,0x000000e582700000] [id=16184]
  0x0000020e6cd65eb0 ConcurrentGCThread "G1 Main Marker" [stack: 0x000000e580c00000,0x000000e580d00000] [id=12984]
  0x0000020e6cd67cf0 ConcurrentGCThread "G1 Conc#0" [stack: 0x000000e580d00000,0x000000e580e00000] [id=24144]
  0x0000020e7f2fde20 ConcurrentGCThread "G1 Conc#1" [stack: 0x000000e582400000,0x000000e582500000] [id=15148]
  0x0000020e6cd8ec70 ConcurrentGCThread "G1 Refine#0" [stack: 0x000000e580e00000,0x000000e580f00000] [id=15044]
  0x0000020e7979e6f0 ConcurrentGCThread "G1 Service" [stack: 0x000000e580f00000,0x000000e581000000] [id=25512]

Threads with active compile tasks:
C2 CompilerThread0  1437521 5901   !   4       com.sun.crypto.provider.PBKDF2KeyImpl::deriveKey (302 bytes)

VM state: not at safepoint (normal execution)

VM Mutex/Monitor currently owned by a thread: None

Heap address: 0x00000000c4600000, size: 954 MB, Compressed Oops mode: 32-bit

CDS archive(s) mapped at: [0x0000020e0f000000-0x0000020e0fbb0000-0x0000020e0fbb0000), size 12255232, SharedBaseAddress: 0x0000020e0f000000, ArchiveRelocationMode: 1.
Compressed class space mapped at: 0x0000020e10000000-0x0000020e50000000, reserved size: 1073741824
Narrow klass base: 0x0000020e0f000000, Narrow klass shift: 0, Narrow klass range: 0x100000000

GC Precious Log:
 CPUs: 8 total, 8 available
 Memory: 3808M
 Large Page Support: Disabled
 NUMA Support: Disabled
 Compressed Oops: Enabled (32-bit)
 Heap Region Size: 1M
 Heap Min Capacity: 8M
 Heap Initial Capacity: 60M
 Heap Max Capacity: 954M
 Pre-touch: Disabled
 Parallel Workers: 8
 Concurrent Workers: 2
 Concurrent Refinement Workers: 8
 Periodic GC: Disabled

Heap:
 garbage-first heap   total 55296K, used 37925K [0x00000000c4600000, 0x0000000100000000)
  region size 1024K, 12 young (12288K), 3 survivors (3072K)
 Metaspace       used 67912K, committed 68544K, reserved 1114112K
  class space    used 9228K, committed 9536K, reserved 1048576K

Heap Regions: E=young(eden), S=young(survivor), O=old, HS=humongous(starts), HC=humongous(continues), CS=collection set, F=free, OA=open archive, CA=closed archive, TAMS=top-at-mark-start (previous, next)
|   0|0x00000000c4600000, 0x00000000c4700000, 0x00000000c4700000|100%|HS|  |TAMS 0x00000000c4700000, 0x00000000c4600000| Complete 
|   1|0x00000000c4700000, 0x00000000c4800000, 0x00000000c4800000|100%|HS|  |TAMS 0x00000000c4800000, 0x00000000c4700000| Complete 
|   2|0x00000000c4800000, 0x00000000c4900000, 0x00000000c4900000|100%| O|  |TAMS 0x00000000c4900000, 0x00000000c4800000| Untracked 
|   3|0x00000000c4900000, 0x00000000c4a00000, 0x00000000c4a00000|100%| O|  |TAMS 0x00000000c4a00000, 0x00000000c4900000| Untracked 
|   4|0x00000000c4a00000, 0x00000000c4b00000, 0x00000000c4b00000|100%| O|  |TAMS 0x00000000c4b00000, 0x00000000c4a00000| Untracked 
|   5|0x00000000c4b00000, 0x00000000c4c00000, 0x00000000c4c00000|100%| O|  |TAMS 0x00000000c4c00000, 0x00000000c4b00000| Untracked 
|   6|0x00000000c4c00000, 0x00000000c4d00000, 0x00000000c4d00000|100%| O|  |TAMS 0x00000000c4d00000, 0x00000000c4c00000| Untracked 
|   7|0x00000000c4d00000, 0x00000000c4e00000, 0x00000000c4e00000|100%| O|  |TAMS 0x00000000c4e00000, 0x00000000c4d00000| Untracked 
|   8|0x00000000c4e00000, 0x00000000c4f00000, 0x00000000c4f00000|100%| O|  |TAMS 0x00000000c4f00000, 0x00000000c4e00000| Untracked 
|   9|0x00000000c4f00000, 0x00000000c5000000, 0x00000000c5000000|100%| O|  |TAMS 0x00000000c5000000, 0x00000000c4f00000| Untracked 
|  10|0x00000000c5000000, 0x00000000c5100000, 0x00000000c5100000|100%| O|  |TAMS 0x00000000c5100000, 0x00000000c5000000| Untracked 
|  11|0x00000000c5100000, 0x00000000c51dfa00, 0x00000000c5200000| 87%| O|  |TAMS 0x00000000c51dfa00, 0x00000000c5100000| Untracked 
|  12|0x00000000c5200000, 0x00000000c5300000, 0x00000000c5300000|100%| O|  |TAMS 0x00000000c5300000, 0x00000000c5200000| Untracked 
|  13|0x00000000c5300000, 0x00000000c5400000, 0x00000000c5400000|100%| O|  |TAMS 0x00000000c5400000, 0x00000000c5300000| Untracked 
|  14|0x00000000c5400000, 0x00000000c5500000, 0x00000000c5500000|100%| O|  |TAMS 0x00000000c5500000, 0x00000000c5400000| Untracked 
|  15|0x00000000c5500000, 0x00000000c5600000, 0x00000000c5600000|100%| O|  |TAMS 0x00000000c5600000, 0x00000000c5500000| Untracked 
|  16|0x00000000c5600000, 0x00000000c5700000, 0x00000000c5700000|100%| O|  |TAMS 0x00000000c5700000, 0x00000000c5600000| Untracked 
|  17|0x00000000c5700000, 0x00000000c5800000, 0x00000000c5800000|100%| O|  |TAMS 0x00000000c5800000, 0x00000000c5700000| Untracked 
|  18|0x00000000c5800000, 0x00000000c5900000, 0x00000000c5900000|100%| O|  |TAMS 0x00000000c5900000, 0x00000000c5800000| Untracked 
|  19|0x00000000c5900000, 0x00000000c5a00000, 0x00000000c5a00000|100%| O|  |TAMS 0x00000000c5a00000, 0x00000000c5900000| Untracked 
|  20|0x00000000c5a00000, 0x00000000c5b00000, 0x00000000c5b00000|100%| O|  |TAMS 0x00000000c5b00000, 0x00000000c5a00000| Untracked 
|  21|0x00000000c5b00000, 0x00000000c5c00000, 0x00000000c5c00000|100%| O|  |TAMS 0x00000000c5c00000, 0x00000000c5b00000| Untracked 
|  22|0x00000000c5c00000, 0x00000000c5d00000, 0x00000000c5d00000|100%| O|  |TAMS 0x00000000c5d00000, 0x00000000c5c00000| Untracked 
|  23|0x00000000c5d00000, 0x00000000c5e00000, 0x00000000c5e00000|100%| O|  |TAMS 0x00000000c5e00000, 0x00000000c5d00000| Untracked 
|  24|0x00000000c5e00000, 0x00000000c5f00000, 0x00000000c5f00000|100%| O|  |TAMS 0x00000000c5ec4800, 0x00000000c5e00000| Untracked 
|  25|0x00000000c5f00000, 0x00000000c6000000, 0x00000000c6000000|100%| O|  |TAMS 0x00000000c5f00000, 0x00000000c5f00000| Untracked 
|  26|0x00000000c6000000, 0x00000000c60ed400, 0x00000000c6100000| 92%| O|  |TAMS 0x00000000c6000000, 0x00000000c6000000| Untracked 
|  27|0x00000000c6100000, 0x00000000c6100000, 0x00000000c6200000|  0%| F|  |TAMS 0x00000000c6100000, 0x00000000c6100000| Untracked 
|  28|0x00000000c6200000, 0x00000000c6200000, 0x00000000c6300000|  0%| F|  |TAMS 0x00000000c6200000, 0x00000000c6200000| Untracked 
|  29|0x00000000c6300000, 0x00000000c6300000, 0x00000000c6400000|  0%| F|  |TAMS 0x00000000c6300000, 0x00000000c6300000| Untracked 
|  30|0x00000000c6400000, 0x00000000c6400000, 0x00000000c6500000|  0%| F|  |TAMS 0x00000000c6400000, 0x00000000c6400000| Untracked 
|  31|0x00000000c6500000, 0x00000000c6500000, 0x00000000c6600000|  0%| F|  |TAMS 0x00000000c6500000, 0x00000000c6500000| Untracked 
|  32|0x00000000c6600000, 0x00000000c6600000, 0x00000000c6700000|  0%| F|  |TAMS 0x00000000c6600000, 0x00000000c6600000| Untracked 
|  33|0x00000000c6700000, 0x00000000c6700000, 0x00000000c6800000|  0%| F|  |TAMS 0x00000000c6700000, 0x00000000c6700000| Untracked 
|  34|0x00000000c6800000, 0x00000000c683c698, 0x00000000c6900000| 23%| S|CS|TAMS 0x00000000c6800000, 0x00000000c6800000| Complete 
|  35|0x00000000c6900000, 0x00000000c6a00000, 0x00000000c6a00000|100%| S|CS|TAMS 0x00000000c6900000, 0x00000000c6900000| Complete 
|  36|0x00000000c6a00000, 0x00000000c6b00000, 0x00000000c6b00000|100%| S|CS|TAMS 0x00000000c6a00000, 0x00000000c6a00000| Complete 
|  37|0x00000000c6b00000, 0x00000000c6b00000, 0x00000000c6c00000|  0%| F|  |TAMS 0x00000000c6b00000, 0x00000000c6b00000| Untracked 
|  38|0x00000000c6c00000, 0x00000000c6c00000, 0x00000000c6d00000|  0%| F|  |TAMS 0x00000000c6c00000, 0x00000000c6c00000| Untracked 
|  39|0x00000000c6d00000, 0x00000000c6d00000, 0x00000000c6e00000|  0%| F|  |TAMS 0x00000000c6d00000, 0x00000000c6d00000| Untracked 
|  40|0x00000000c6e00000, 0x00000000c6e00000, 0x00000000c6f00000|  0%| F|  |TAMS 0x00000000c6e00000, 0x00000000c6e00000| Untracked 
|  41|0x00000000c6f00000, 0x00000000c6f00000, 0x00000000c7000000|  0%| F|  |TAMS 0x00000000c6f00000, 0x00000000c6f00000| Untracked 
|  42|0x00000000c7000000, 0x00000000c7000000, 0x00000000c7100000|  0%| F|  |TAMS 0x00000000c7000000, 0x00000000c7000000| Untracked 
|  43|0x00000000c7100000, 0x00000000c7100000, 0x00000000c7200000|  0%| F|  |TAMS 0x00000000c7100000, 0x00000000c7100000| Untracked 
|  44|0x00000000c7200000, 0x00000000c7200000, 0x00000000c7300000|  0%| F|  |TAMS 0x00000000c7200000, 0x00000000c7200000| Untracked 
|  45|0x00000000c7300000, 0x00000000c7329e40, 0x00000000c7400000| 16%| E|  |TAMS 0x00000000c7300000, 0x00000000c7300000| Complete 
|  46|0x00000000c7400000, 0x00000000c7500000, 0x00000000c7500000|100%| E|CS|TAMS 0x00000000c7400000, 0x00000000c7400000| Complete 
|  47|0x00000000c7500000, 0x00000000c7600000, 0x00000000c7600000|100%| E|CS|TAMS 0x00000000c7500000, 0x00000000c7500000| Complete 
|  48|0x00000000c7600000, 0x00000000c7700000, 0x00000000c7700000|100%| E|CS|TAMS 0x00000000c7600000, 0x00000000c7600000| Complete 
|  49|0x00000000c7700000, 0x00000000c7800000, 0x00000000c7800000|100%| E|CS|TAMS 0x00000000c7700000, 0x00000000c7700000| Complete 
|  55|0x00000000c7d00000, 0x00000000c7e00000, 0x00000000c7e00000|100%| E|CS|TAMS 0x00000000c7d00000, 0x00000000c7d00000| Complete 
|  56|0x00000000c7e00000, 0x00000000c7f00000, 0x00000000c7f00000|100%| E|CS|TAMS 0x00000000c7e00000, 0x00000000c7e00000| Complete 
|  57|0x00000000c7f00000, 0x00000000c8000000, 0x00000000c8000000|100%| E|CS|TAMS 0x00000000c7f00000, 0x00000000c7f00000| Complete 
|  59|0x00000000c8100000, 0x00000000c8200000, 0x00000000c8200000|100%| E|CS|TAMS 0x00000000c8100000, 0x00000000c8100000| Complete 

Card table byte_map: [0x0000020e74d30000,0x0000020e74f10000] _byte_map_base: 0x0000020e7470d000

Marking Bits (Prev, Next): (CMBitMap*) 0x0000020e6cd5de80, (CMBitMap*) 0x0000020e6cd5de40
 Prev Bits: [0x0000020e75fe0000, 0x0000020e76ec8000)
 Next Bits: [0x0000020e750f0000, 0x0000020e75fd8000)

Polling page: 0x0000020e6c490000

Metaspace:

Usage:
  Non-class:     57.31 MB used.
      Class:      9.01 MB used.
       Both:     66.32 MB used.

Virtual space:
  Non-class space:       64.00 MB reserved,      57.62 MB ( 90%) committed,  1 nodes.
      Class space:        1.00 GB reserved,       9.31 MB ( <1%) committed,  1 nodes.
             Both:        1.06 GB reserved,      66.94 MB (  6%) committed. 

Chunk freelists:
   Non-Class:  6.11 MB
       Class:  6.60 MB
        Both:  12.71 MB

MaxMetaspaceSize: unlimited
CompressedClassSpaceSize: 1.00 GB
Initial GC threshold: 21.00 MB
Current GC threshold: 98.25 MB
CDS: on
MetaspaceReclaimPolicy: balanced
 - commit_granule_bytes: 65536.
 - commit_granule_words: 8192.
 - virtual_space_node_default_size: 8388608.
 - enlarge_chunks_in_place: 1.
 - new_chunks_are_fully_committed: 0.
 - uncommit_free_chunks: 1.
 - use_allocation_guard: 0.
 - handle_deallocations: 1.


Internal statistics:

num_allocs_failed_limit: 9.
num_arena_births: 806.
num_arena_deaths: 0.
num_vsnodes_births: 2.
num_vsnodes_deaths: 0.
num_space_committed: 1071.
num_space_uncommitted: 0.
num_chunks_returned_to_freelist: 9.
num_chunks_taken_from_freelist: 3151.
num_chunk_merges: 6.
num_chunk_splits: 2276.
num_chunks_enlarged: 1789.
num_inconsistent_stats: 0.

CodeHeap 'non-profiled nmethods': size=120000Kb used=3302Kb max_used=3302Kb free=116697Kb
 bounds [0x0000020e07ad0000, 0x0000020e07e10000, 0x0000020e0f000000]
CodeHeap 'profiled nmethods': size=120000Kb used=9992Kb max_used=9992Kb free=110007Kb
 bounds [0x0000020e00000000, 0x0000020e009d0000, 0x0000020e07530000]
CodeHeap 'non-nmethods': size=5760Kb used=1345Kb max_used=1426Kb free=4414Kb
 bounds [0x0000020e07530000, 0x0000020e077a0000, 0x0000020e07ad0000]
 total_blobs=5839 nmethods=5162 adapters=589
 compilation: enabled
              stopped_count=0, restarted_count=0
 full_count=0

Compilation events (20 events):
Event: 1435.317 Thread 0x0000020e7990f800 nmethod 5898 0x0000020e009be790 code [0x0000020e009be940, 0x0000020e009bec98]
Event: 1435.317 Thread 0x0000020e7990f800 5899       3       jdk.internal.net.http.common.Utils::isValidValue (58 bytes)
Event: 1435.322 Thread 0x0000020e7990f800 nmethod 5899 0x0000020e009bee10 code [0x0000020e009bf040, 0x0000020e009bf8b8]
Event: 1435.322 Thread 0x0000020e7990f800 5900       3       java.util.concurrent.CompletableFuture::<init> (5 bytes)
Event: 1435.322 Thread 0x0000020e7990f800 nmethod 5900 0x0000020e009bfc10 code [0x0000020e009bfda0, 0x0000020e009bfef8]
Event: 1436.278 Thread 0x0000020e7990e750 5901   !   4       com.sun.crypto.provider.PBKDF2KeyImpl::deriveKey (302 bytes)
Event: 1436.293 Thread 0x0000020e7990f800 5902       3       org.postgresql.shaded.com.ongres.scram.common.StringWritable::<init> (5 bytes)
Event: 1436.295 Thread 0x0000020e7990f800 nmethod 5902 0x0000020e009bff90 code [0x0000020e009c0120, 0x0000020e009c0278]
Event: 1436.377 Thread 0x0000020e7990f800 5903       3       org.postgresql.core.AsciiStringInterner::arrayEquals (43 bytes)
Event: 1436.380 Thread 0x0000020e7990f800 nmethod 5903 0x0000020e009c0310 code [0x0000020e009c04c0, 0x0000020e009c0778]
Event: 1436.394 Thread 0x0000020e7990f800 5904       3       java.lang.StringUTF16::checkIndex (9 bytes)
Event: 1436.395 Thread 0x0000020e7990f800 nmethod 5904 0x0000020e009c0910 code [0x0000020e009c0ac0, 0x0000020e009c0c48]
Event: 1436.401 Thread 0x0000020e7990f800 5905       3       org.postgresql.core.PGStream::sendInteger4 (9 bytes)
Event: 1436.409 Thread 0x0000020e7990f800 nmethod 5905 0x0000020e009c0d90 code [0x0000020e009c0f40, 0x0000020e009c1108]
Event: 1436.409 Thread 0x0000020e7990f800 5906       3       org.postgresql.util.internal.PgBufferedOutputStream::writeInt4 (39 bytes)
Event: 1436.421 Thread 0x0000020e7990f800 nmethod 5906 0x0000020e009c1210 code [0x0000020e009c13c0, 0x0000020e009c1798]
Event: 1436.423 Thread 0x0000020e7990f800 5907       3       java.lang.StringLatin1::lastIndexOf (125 bytes)
Event: 1436.423 Thread 0x0000020e7990f800 nmethod 5907 0x0000020e009c1910 code [0x0000020e009c1ae0, 0x0000020e009c1f58]
Event: 1436.442 Thread 0x0000020e7990f800 5909       3       java.util.Hashtable::addEntry (87 bytes)
Event: 1436.444 Thread 0x0000020e7990f800 nmethod 5909 0x0000020e009c2190 code [0x0000020e009c2380, 0x0000020e009c2ad8]

GC Heap History (20 events):
Event: 5.042 GC heap before
{Heap before GC invocations=6 (full 0):
 garbage-first heap   total 55296K, used 43082K [0x00000000c4600000, 0x0000000100000000)
  region size 1024K, 32 young (32768K), 3 survivors (3072K)
 Metaspace       used 27060K, committed 27456K, reserved 1114112K
  class space    used 3473K, committed 3648K, reserved 1048576K
}
Event: 5.049 GC heap after
{Heap after GC invocations=7 (full 0):
 garbage-first heap   total 55296K, used 17278K [0x00000000c4600000, 0x0000000100000000)
  region size 1024K, 4 young (4096K), 4 survivors (4096K)
 Metaspace       used 27060K, committed 27456K, reserved 1114112K
  class space    used 3473K, committed 3648K, reserved 1048576K
}
Event: 5.764 GC heap before
{Heap before GC invocations=7 (full 0):
 garbage-first heap   total 55296K, used 39806K [0x00000000c4600000, 0x0000000100000000)
  region size 1024K, 26 young (26624K), 4 survivors (4096K)
 Metaspace       used 32288K, committed 32704K, reserved 1114112K
  class space    used 4228K, committed 4416K, reserved 1048576K
}
Event: 5.770 GC heap after
{Heap after GC invocations=8 (full 0):
 garbage-first heap   total 55296K, used 19190K [0x00000000c4600000, 0x0000000100000000)
  region size 1024K, 2 young (2048K), 2 survivors (2048K)
 Metaspace       used 32288K, committed 32704K, reserved 1114112K
  class space    used 4228K, committed 4416K, reserved 1048576K
}
Event: 6.125 GC heap before
{Heap before GC invocations=8 (full 0):
 garbage-first heap   total 55296K, used 32502K [0x00000000c4600000, 0x0000000100000000)
  region size 1024K, 17 young (17408K), 2 survivors (2048K)
 Metaspace       used 35549K, committed 35968K, reserved 1114112K
  class space    used 4775K, committed 4992K, reserved 1048576K
}
Event: 6.128 GC heap after
{Heap after GC invocations=9 (full 0):
 garbage-first heap   total 55296K, used 20129K [0x00000000c4600000, 0x0000000100000000)
  region size 1024K, 1 young (1024K), 1 survivors (1024K)
 Metaspace       used 35549K, committed 35968K, reserved 1114112K
  class space    used 4775K, committed 4992K, reserved 1048576K
}
Event: 7.278 GC heap before
{Heap before GC invocations=10 (full 0):
 garbage-first heap   total 55296K, used 41633K [0x00000000c4600000, 0x0000000100000000)
  region size 1024K, 23 young (23552K), 1 survivors (1024K)
 Metaspace       used 42063K, committed 42560K, reserved 1114112K
  class space    used 5624K, committed 5888K, reserved 1048576K
}
Event: 7.282 GC heap after
{Heap after GC invocations=11 (full 0):
 garbage-first heap   total 55296K, used 21219K [0x00000000c4600000, 0x0000000100000000)
  region size 1024K, 2 young (2048K), 2 survivors (2048K)
 Metaspace       used 42063K, committed 42560K, reserved 1114112K
  class space    used 5624K, committed 5888K, reserved 1048576K
}
Event: 8.078 GC heap before
{Heap before GC invocations=11 (full 0):
 garbage-first heap   total 55296K, used 41699K [0x00000000c4600000, 0x0000000100000000)
  region size 1024K, 23 young (23552K), 2 survivors (2048K)
 Metaspace       used 48136K, committed 48576K, reserved 1114112K
  class space    used 6513K, committed 6720K, reserved 1048576K
}
Event: 8.081 GC heap after
{Heap after GC invocations=12 (full 0):
 garbage-first heap   total 55296K, used 22401K [0x00000000c4600000, 0x0000000100000000)
  region size 1024K, 3 young (3072K), 3 survivors (3072K)
 Metaspace       used 48136K, committed 48576K, reserved 1114112K
  class space    used 6513K, committed 6720K, reserved 1048576K
}
Event: 9.419 GC heap before
{Heap before GC invocations=12 (full 0):
 garbage-first heap   total 55296K, used 41857K [0x00000000c4600000, 0x0000000100000000)
  region size 1024K, 23 young (23552K), 3 survivors (3072K)
 Metaspace       used 53040K, committed 53504K, reserved 1114112K
  class space    used 7319K, committed 7552K, reserved 1048576K
}
Event: 9.422 GC heap after
{Heap after GC invocations=13 (full 0):
 garbage-first heap   total 55296K, used 23469K [0x00000000c4600000, 0x0000000100000000)
  region size 1024K, 3 young (3072K), 3 survivors (3072K)
 Metaspace       used 53040K, committed 53504K, reserved 1114112K
  class space    used 7319K, committed 7552K, reserved 1048576K
}
Event: 9.891 GC heap before
{Heap before GC invocations=13 (full 0):
 garbage-first heap   total 55296K, used 42925K [0x00000000c4600000, 0x0000000100000000)
  region size 1024K, 22 young (22528K), 3 survivors (3072K)
 Metaspace       used 56898K, committed 57408K, reserved 1114112K
  class space    used 7824K, committed 8064K, reserved 1048576K
}
Event: 9.896 GC heap after
{Heap after GC invocations=14 (full 0):
 garbage-first heap   total 55296K, used 25328K [0x00000000c4600000, 0x0000000100000000)
  region size 1024K, 3 young (3072K), 3 survivors (3072K)
 Metaspace       used 56898K, committed 57408K, reserved 1114112K
  class space    used 7824K, committed 8064K, reserved 1048576K
}
Event: 10.322 GC heap before
{Heap before GC invocations=14 (full 0):
 garbage-first heap   total 55296K, used 43760K [0x00000000c4600000, 0x0000000100000000)
  region size 1024K, 21 young (21504K), 3 survivors (3072K)
 Metaspace       used 59478K, committed 59968K, reserved 1114112K
  class space    used 8178K, committed 8384K, reserved 1048576K
}
Event: 10.327 GC heap after
{Heap after GC invocations=15 (full 0):
 garbage-first heap   total 55296K, used 27599K [0x00000000c4600000, 0x0000000100000000)
  region size 1024K, 3 young (3072K), 3 survivors (3072K)
 Metaspace       used 59478K, committed 59968K, reserved 1114112K
  class space    used 8178K, committed 8384K, reserved 1048576K
}
Event: 10.341 GC heap before
{Heap before GC invocations=15 (full 0):
 garbage-first heap   total 55296K, used 27599K [0x00000000c4600000, 0x0000000100000000)
  region size 1024K, 4 young (4096K), 3 survivors (3072K)
 Metaspace       used 59644K, committed 60160K, reserved 1114112K
  class space    used 8199K, committed 8448K, reserved 1048576K
}
Event: 10.343 GC heap after
{Heap after GC invocations=16 (full 0):
 garbage-first heap   total 55296K, used 27837K [0x00000000c4600000, 0x0000000100000000)
  region size 1024K, 1 young (1024K), 1 survivors (1024K)
 Metaspace       used 59644K, committed 60160K, reserved 1114112K
  class space    used 8199K, committed 8448K, reserved 1048576K
}
Event: 53.999 GC heap before
{Heap before GC invocations=17 (full 0):
 garbage-first heap   total 55296K, used 43197K [0x00000000c4600000, 0x0000000100000000)
  region size 1024K, 17 young (17408K), 1 survivors (1024K)
 Metaspace       used 64882K, committed 65472K, reserved 1114112K
  class space    used 8862K, committed 9152K, reserved 1048576K
}
Event: 54.021 GC heap after
{Heap after GC invocations=18 (full 0):
 garbage-first heap   total 55296K, used 29733K [0x00000000c4600000, 0x0000000100000000)
  region size 1024K, 3 young (3072K), 3 survivors (3072K)
 Metaspace       used 64882K, committed 65472K, reserved 1114112K
  class space    used 8862K, committed 9152K, reserved 1048576K
}

Dll operation events (13 events):
Event: 0.081 Loaded shared library C:\Users\mss-122\.jdks\ms-17.0.15\bin\java.dll
Event: 0.111 Loaded shared library C:\Users\mss-122\.jdks\ms-17.0.15\bin\jsvml.dll
Event: 0.254 Loaded shared library C:\Users\mss-122\.jdks\ms-17.0.15\bin\zip.dll
Event: 0.260 Loaded shared library C:\Users\mss-122\.jdks\ms-17.0.15\bin\instrument.dll
Event: 0.281 Loaded shared library C:\Users\mss-122\.jdks\ms-17.0.15\bin\net.dll
Event: 0.286 Loaded shared library C:\Users\mss-122\.jdks\ms-17.0.15\bin\nio.dll
Event: 0.291 Loaded shared library C:\Users\mss-122\.jdks\ms-17.0.15\bin\zip.dll
Event: 0.519 Loaded shared library C:\Users\mss-122\.jdks\ms-17.0.15\bin\extnet.dll
Event: 0.576 Loaded shared library C:\Users\mss-122\.jdks\ms-17.0.15\bin\jimage.dll
Event: 3.232 Loaded shared library C:\Users\mss-122\.jdks\ms-17.0.15\bin\sunmscapi.dll
Event: 5.007 Loaded shared library C:\Users\mss-122\.jdks\ms-17.0.15\bin\management.dll
Event: 5.011 Loaded shared library C:\Users\mss-122\.jdks\ms-17.0.15\bin\management_ext.dll
Event: 5.867 Loaded shared library C:\Users\mss-122\.jdks\ms-17.0.15\bin\verify.dll

Deoptimization events (20 events):
Event: 162.644 Thread 0x0000020e50ed62a0 Uncommon trap: trap_request=0xffffffde fr.pc=0x0000020e07b87140 relative=0x00000000000000a0
Event: 162.644 Thread 0x0000020e50ed62a0 Uncommon trap: reason=class_check action=maybe_recompile pc=0x0000020e07b87140 method=java.nio.ByteBuffer.limit(I)Ljava/nio/Buffer; @ 2 c2
Event: 162.644 Thread 0x0000020e50ed62a0 DEOPT PACKING pc=0x0000020e07b87140 sp=0x000000e5808fdfd0
Event: 162.644 Thread 0x0000020e50ed62a0 DEOPT UNPACKING pc=0x0000020e075869a3 sp=0x000000e5808fdf68 mode 2
Event: 872.863 Thread 0x0000020e50ed8100 DEOPT PACKING pc=0x0000020e000a72db sp=0x000000e582afe5b0
Event: 872.865 Thread 0x0000020e50ed8100 DEOPT UNPACKING pc=0x0000020e07587143 sp=0x000000e582afd9e0 mode 0
Event: 872.865 Thread 0x0000020e50ed8100 DEOPT PACKING pc=0x0000020e000a72a8 sp=0x000000e582afe5b0
Event: 872.865 Thread 0x0000020e50ed8100 DEOPT UNPACKING pc=0x0000020e07587143 sp=0x000000e582afd9e0 mode 0
Event: 873.014 Thread 0x0000020e50ed8100 Uncommon trap: trap_request=0xffffffde fr.pc=0x0000020e07b87140 relative=0x00000000000000a0
Event: 873.014 Thread 0x0000020e50ed8100 Uncommon trap: reason=class_check action=maybe_recompile pc=0x0000020e07b87140 method=java.nio.ByteBuffer.limit(I)Ljava/nio/Buffer; @ 2 c2
Event: 873.014 Thread 0x0000020e50ed8100 DEOPT PACKING pc=0x0000020e07b87140 sp=0x000000e582afe2c0
Event: 873.014 Thread 0x0000020e50ed8100 DEOPT UNPACKING pc=0x0000020e075869a3 sp=0x000000e582afe258 mode 2
Event: 1435.153 Thread 0x0000020e50eda470 DEOPT PACKING pc=0x0000020e000b6fbf sp=0x000000e583cfe3c0
Event: 1435.154 Thread 0x0000020e50eda470 DEOPT UNPACKING pc=0x0000020e07587143 sp=0x000000e583cfd848 mode 0
Event: 1435.175 Thread 0x0000020e50eda470 DEOPT PACKING pc=0x0000020e000b6fbf sp=0x000000e583cfe660
Event: 1435.175 Thread 0x0000020e50eda470 DEOPT UNPACKING pc=0x0000020e07587143 sp=0x000000e583cfdae8 mode 0
Event: 1435.323 Thread 0x0000020e50eda470 Uncommon trap: trap_request=0xffffffde fr.pc=0x0000020e07b87140 relative=0x00000000000000a0
Event: 1435.323 Thread 0x0000020e50eda470 Uncommon trap: reason=class_check action=maybe_recompile pc=0x0000020e07b87140 method=java.nio.ByteBuffer.limit(I)Ljava/nio/Buffer; @ 2 c2
Event: 1435.323 Thread 0x0000020e50eda470 DEOPT PACKING pc=0x0000020e07b87140 sp=0x000000e583cfe220
Event: 1435.323 Thread 0x0000020e50eda470 DEOPT UNPACKING pc=0x0000020e075869a3 sp=0x000000e583cfe1b8 mode 2

Classes loaded (20 events):
Event: 54.560 Loading class java/util/stream/FindOps$FindSink$OfLong
Event: 54.560 Loading class java/util/stream/Sink$OfLong
Event: 54.561 Loading class java/util/stream/Sink$OfLong done
Event: 54.561 Loading class java/util/stream/FindOps$FindSink$OfLong done
Event: 54.561 Loading class java/util/stream/ReferencePipeline$5$1
Event: 54.562 Loading class java/util/stream/ReferencePipeline$5$1 done
Event: 54.568 Loading class java/nio/HeapByteBufferR
Event: 54.569 Loading class java/nio/HeapByteBufferR done
Event: 160.922 Loading class jdk/internal/access/foreign/MemorySegmentProxy
Event: 160.971 Loading class jdk/internal/access/foreign/MemorySegmentProxy done
Event: 161.325 Loading class sun/security/ssl/PreSharedKeyExtension$PskIdentity
Event: 161.343 Loading class java/util/AbstractMap$SimpleEntry
Event: 161.354 Loading class sun/security/ssl/PreSharedKeyExtension$PskIdentity done
Event: 161.354 Loading class java/util/AbstractMap$SimpleEntry done
Event: 161.369 Loading class sun/security/ssl/PreSharedKeyExtension$CHPreSharedKeySpec
Event: 161.457 Loading class sun/security/ssl/PreSharedKeyExtension$CHPreSharedKeySpec done
Event: 161.460 Loading class sun/security/ssl/PreSharedKeyExtension$PartialClientHelloMessage
Event: 161.489 Loading class sun/security/ssl/PreSharedKeyExtension$PartialClientHelloMessage done
Event: 161.729 Loading class sun/security/ssl/PreSharedKeyExtension$SHPreSharedKeySpec
Event: 161.735 Loading class sun/security/ssl/PreSharedKeyExtension$SHPreSharedKeySpec done

Classes unloaded (0 events):
No events

Classes redefined (0 events):
No events

Internal exceptions (20 events):
Event: 9.777 Thread 0x0000020e6cd1df50 Exception <a 'java/lang/IncompatibleClassChangeError'{0x00000000c6c0be98}: Found class java.lang.Object, but interface was expected> (0x00000000c6c0be98) 
thrown [s\src\hotspot\share\interpreter\linkResolver.cpp, line 826]
Event: 9.823 Thread 0x0000020e6cd1df50 Exception <a 'java/lang/NoSuchMethodError'{0x00000000c6bd0290}: 'java.lang.Object java.lang.invoke.DirectMethodHandle$Holder.invokeStatic(java.lang.Object, int, java.lang.Object)'> (0x00000000c6bd0290) 
thrown [s\src\hotspot\share\interpreter\linkResolver.cpp, line 759]
Event: 10.062 Thread 0x0000020e6cd1df50 Exception <a 'java/lang/NoSuchMethodError'{0x00000000c753acd8}: 'java.lang.Object java.lang.invoke.DirectMethodHandle$Holder.invokeStatic(java.lang.Object, int, java.lang.Object, java.lang.Object)'> (0x00000000c753acd8) 
thrown [s\src\hotspot\share\interpreter\linkResolver.cpp, line 759]
Event: 10.062 Thread 0x0000020e6cd1df50 Exception <a 'java/lang/NoSuchMethodError'{0x00000000c753f3f0}: 'java.lang.Object java.lang.invoke.DirectMethodHandle$Holder.invokeSpecial(java.lang.Object, java.lang.Object, int, java.lang.Object, java.lang.Object)'> (0x00000000c753f3f0) 
thrown [s\src\hotspot\share\interpreter\linkResolver.cpp, line 759]
Event: 10.062 Thread 0x0000020e6cd1df50 Exception <a 'java/lang/NoSuchMethodError'{0x00000000c7543340}: 'java.lang.Object java.lang.invoke.DelegatingMethodHandle$Holder.delegate(java.lang.Object, int, java.lang.Object, java.lang.Object)'> (0x00000000c7543340) 
thrown [s\src\hotspot\share\interpreter\linkResolver.cpp, line 759]
Event: 10.066 Thread 0x0000020e6cd1df50 Exception <a 'java/lang/NoSuchMethodError'{0x00000000c7554778}: 'int java.lang.invoke.Invokers$Holder.linkToTargetMethod(java.lang.Object, java.lang.Object, java.lang.Object)'> (0x00000000c7554778) 
thrown [s\src\hotspot\share\interpreter\linkResolver.cpp, line 759]
Event: 10.131 Thread 0x0000020e6cd1df50 Exception <a 'java/lang/IncompatibleClassChangeError'{0x00000000c724f4b8}: Found class java.lang.Object, but interface was expected> (0x00000000c724f4b8) 
thrown [s\src\hotspot\share\interpreter\linkResolver.cpp, line 826]
Event: 10.245 Thread 0x0000020e6cd1df50 Exception <a 'java/lang/IncompatibleClassChangeError'{0x00000000c6da97d8}: Found class java.lang.Object, but interface was expected> (0x00000000c6da97d8) 
thrown [s\src\hotspot\share\interpreter\linkResolver.cpp, line 826]
Event: 10.254 Thread 0x0000020e6cd1df50 Implicit null exception at 0x0000020e07c19614 to 0x0000020e07c1968c
Event: 10.276 Thread 0x0000020e6cd1df50 Exception <a 'java/lang/NoSuchMethodError'{0x00000000c6b122c0}: 'java.lang.Object java.lang.invoke.DirectMethodHandle$Holder.invokeSpecial(java.lang.Object, java.lang.Object, java.lang.Object, java.lang.Object, java.lang.Object, java.lang.Object, java.lang.Object, java.lang.Object, java.lang.Object, java.lang.Object, java.lang.Object)'> (0x00000000c6b122c0) 
thrown [s\src\hotspot\share\interpreter\linkResolver.cpp, line 759]
Event: 10.276 Thread 0x0000020e6cd1df50 Exception <a 'java/lang/NoSuchMethodError'{0x00000000c6b166f0}: 'java.lang.Object java.lang.invoke.Invokers$Holder.invoke_MT(java.lang.Object, java.lang.Object, java.lang.Object, java.lang.Object, java.lang.Object, java.lang.Object, java.lang.Object, java.lang.Object, java.lang.Object, java.lang.Object, java.lang.Object)'> (0x00000000c6b166f0) 
thrown [s\src\hotspot\share\interpreter\linkResolver.cpp, line 759]
Event: 10.334 Thread 0x0000020e6cd1df50 Exception <a 'java/lang/NoSuchMethodError'{0x00000000c8182100}: 'java.lang.Object java.lang.invoke.DirectMethodHandle$Holder.newInvokeSpecial(java.lang.Object, java.lang.Object, int, java.lang.Object, java.lang.Object)'> (0x00000000c8182100) 
thrown [s\src\hotspot\share\interpreter\linkResolver.cpp, line 759]
Event: 50.004 Thread 0x0000020e50ed9030 Exception <a 'java/lang/NoSuchMethodError'{0x00000000c7d9c9b0}: 'java.lang.Object java.lang.invoke.DirectMethodHandle$Holder.invokeStaticInit(java.lang.Object, java.lang.Object, java.lang.Object, int, int)'> (0x00000000c7d9c9b0) 
thrown [s\src\hotspot\share\interpreter\linkResolver.cpp, line 759]
Event: 52.030 Thread 0x0000020e516b4ba0 Exception <a 'java/lang/NoSuchMethodError'{0x00000000c77f7028}: 'java.lang.Object java.lang.invoke.DirectMethodHandle$Holder.invokeSpecial(java.lang.Object, java.lang.Object, java.lang.Object, java.lang.Object, java.lang.Object, long)'> (0x00000000c77f7028) 
thrown [s\src\hotspot\share\interpreter\linkResolver.cpp, line 759]
Event: 52.034 Thread 0x0000020e516b4ba0 Exception <a 'java/lang/NoSuchMethodError'{0x00000000c77faa68}: 'java.lang.Object java.lang.invoke.Invokers$Holder.linkToTargetMethod(java.lang.Object, java.lang.Object, java.lang.Object, long, java.lang.Object)'> (0x00000000c77faa68) 
thrown [s\src\hotspot\share\interpreter\linkResolver.cpp, line 759]
Event: 53.376 Thread 0x0000020e516b2320 Exception <a 'java/lang/NoSuchMethodError'{0x00000000c72497b0}: 'java.lang.Object java.lang.invoke.DirectMethodHandle$Holder.invokeStaticInit(java.lang.Object, java.lang.Object, int)'> (0x00000000c72497b0) 
thrown [s\src\hotspot\share\interpreter\linkResolver.cpp, line 759]
Event: 53.811 Thread 0x0000020e516b2320 Exception <a 'java/lang/NoSuchMethodError'{0x00000000c6cdb588}: 'void java.lang.invoke.DirectMethodHandle$Holder.invokeStatic(java.lang.Object, java.lang.Object, java.lang.Object, java.lang.Object, java.lang.Object, java.lang.Object, java.lang.Object)'> (0x00000000c6cdb588) 
thrown [s\src\hotspot\share\interpreter\linkResolver.cpp, line 759]
Event: 54.059 Thread 0x0000020e50ed76e0 Exception <a 'java/lang/NoSuchMethodError'{0x00000000c81c7618}: 'void java.lang.invoke.DirectMethodHandle$Holder.invokeStatic(java.lang.Object, java.lang.Object, int)'> (0x00000000c81c7618) 
thrown [s\src\hotspot\share\interpreter\linkResolver.cpp, line 759]
Event: 54.563 Thread 0x0000020e50ed8100 Exception <a 'java/lang/NoSuchMethodError'{0x00000000c77872e8}: 'java.lang.Object java.lang.invoke.DirectMethodHandle$Holder.newInvokeSpecial(java.lang.Object, java.lang.Object, long, java.lang.Object, java.lang.Object, java.lang.Object)'> (0x00000000c77872e8) 
thrown [s\src\hotspot\share\interpreter\linkResolver.cpp, line 759]
Event: 54.564 Thread 0x0000020e50ed8100 Exception <a 'java/lang/NoSuchMethodError'{0x00000000c778f348}: 'java.lang.Object java.lang.invoke.Invokers$Holder.linkToTargetMethod(java.lang.Object, long, java.lang.Object, java.lang.Object, java.lang.Object, java.lang.Object)'> (0x00000000c778f348) 
thrown [s\src\hotspot\share\interpreter\linkResolver.cpp, line 759]

VM Operations (20 events):
Event: 1300.216 Executing VM operation: Cleanup
Event: 1300.216 Executing VM operation: Cleanup done
Event: 1309.298 Executing VM operation: Cleanup
Event: 1309.298 Executing VM operation: Cleanup done
Event: 1336.514 Executing VM operation: Cleanup
Event: 1336.520 Executing VM operation: Cleanup done
Event: 1396.971 Executing VM operation: Cleanup
Event: 1396.986 Executing VM operation: Cleanup done
Event: 1407.048 Executing VM operation: Cleanup
Event: 1407.050 Executing VM operation: Cleanup done
Event: 1408.059 Executing VM operation: Cleanup
Event: 1408.059 Executing VM operation: Cleanup done
Event: 1412.114 Executing VM operation: Cleanup
Event: 1412.115 Executing VM operation: Cleanup done
Event: 1434.283 Executing VM operation: Cleanup
Event: 1434.288 Executing VM operation: Cleanup done
Event: 1435.297 Executing VM operation: Cleanup
Event: 1435.297 Executing VM operation: Cleanup done
Event: 1436.309 Executing VM operation: Cleanup
Event: 1436.325 Executing VM operation: Cleanup done

Memory protections (0 events):
No events

Nmethod flushes (20 events):
Event: 10.137 Thread 0x0000020e799108b0 flushing  nmethod 0x0000020e00849f10
Event: 10.137 Thread 0x0000020e799108b0 flushing  nmethod 0x0000020e00852d90
Event: 10.137 Thread 0x0000020e799108b0 flushing  nmethod 0x0000020e00855790
Event: 10.137 Thread 0x0000020e799108b0 flushing  nmethod 0x0000020e00855b90
Event: 10.137 Thread 0x0000020e799108b0 flushing  nmethod 0x0000020e00856c90
Event: 10.137 Thread 0x0000020e799108b0 flushing  nmethod 0x0000020e00857b90
Event: 10.137 Thread 0x0000020e799108b0 flushing  nmethod 0x0000020e00859210
Event: 10.137 Thread 0x0000020e799108b0 flushing  nmethod 0x0000020e0085a110
Event: 10.137 Thread 0x0000020e799108b0 flushing  nmethod 0x0000020e0085a510
Event: 10.137 Thread 0x0000020e799108b0 flushing  nmethod 0x0000020e0085ae90
Event: 10.137 Thread 0x0000020e799108b0 flushing  nmethod 0x0000020e0085c210
Event: 10.137 Thread 0x0000020e799108b0 flushing  nmethod 0x0000020e0085e190
Event: 10.137 Thread 0x0000020e799108b0 flushing osr nmethod 0x0000020e00868610
Event: 10.137 Thread 0x0000020e799108b0 flushing  nmethod 0x0000020e0086ab90
Event: 10.137 Thread 0x0000020e799108b0 flushing  nmethod 0x0000020e00879d10
Event: 10.137 Thread 0x0000020e799108b0 flushing  nmethod 0x0000020e0089ad10
Event: 10.137 Thread 0x0000020e799108b0 flushing  nmethod 0x0000020e008a6490
Event: 10.138 Thread 0x0000020e799108b0 flushing  nmethod 0x0000020e00972610
Event: 10.138 Thread 0x0000020e799108b0 flushing  nmethod 0x0000020e0097cf90
Event: 10.138 Thread 0x0000020e799108b0 flushing  nmethod 0x0000020e00986110

Events (20 events):
Event: 223.016 Thread 0x0000020e50ed9f60 Thread exited: 0x0000020e50ed9f60
Event: 223.086 Thread 0x0000020e50ed67b0 Thread exited: 0x0000020e50ed67b0
Event: 223.340 Thread 0x0000020e50ed62a0 Thread exited: 0x0000020e50ed62a0
Event: 872.517 Thread 0x0000020e516b3c70 Thread added: 0x0000020e50ed62a0
Event: 872.556 Thread 0x0000020e516b3c70 Thread added: 0x0000020e50ed8100
Event: 872.782 Thread 0x0000020e50ed62a0 Thread added: 0x0000020e50ed8610
Event: 873.020 Thread 0x0000020e50ed8100 Thread added: 0x0000020e50ed9f60
Event: 932.824 Thread 0x0000020e50ed8610 Thread exited: 0x0000020e50ed8610
Event: 933.039 Thread 0x0000020e50ed9f60 Thread exited: 0x0000020e50ed9f60
Event: 933.044 Thread 0x0000020e50ed8100 Thread exited: 0x0000020e50ed8100
Event: 1406.496 Thread 0x0000020e516b2830 Thread added: 0x0000020e50ed8100
Event: 1406.593 Thread 0x0000020e50ed8100 Thread added: 0x0000020e50ed9f60
Event: 1411.600 Thread 0x0000020e50ed8100 Thread exited: 0x0000020e50ed8100
Event: 1412.616 Thread 0x0000020e50ed9f60 Thread exited: 0x0000020e50ed9f60
Event: 1434.474 Thread 0x0000020e516b50b0 Thread added: 0x0000020e50ed9f60
Event: 1434.479 Thread 0x0000020e516b2830 Thread added: 0x0000020e50ed67b0
Event: 1434.514 Thread 0x0000020e50ed67b0 Thread added: 0x0000020e50ed8100
Event: 1434.588 Thread 0x0000020e516b50b0 Thread added: 0x0000020e50edae90
Event: 1435.017 Thread 0x0000020e50ed9f60 Thread added: 0x0000020e50eda470
Event: 1435.329 Thread 0x0000020e50eda470 Thread added: 0x0000020e50ed8610


Dynamic libraries:
0x00007ff635320000 - 0x00007ff63532e000 	C:\Users\mss-122\.jdks\ms-17.0.15\bin\java.exe
0x00007ffc7e8c0000 - 0x00007ffc7eb29000 	C:\WINDOWS\SYSTEM32\ntdll.dll
0x00007ffc7dba0000 - 0x00007ffc7dc69000 	C:\WINDOWS\System32\KERNEL32.DLL
0x00007ffc7be60000 - 0x00007ffc7c253000 	C:\WINDOWS\System32\KERNELBASE.dll
0x00007ffc7c540000 - 0x00007ffc7c68b000 	C:\WINDOWS\System32\ucrtbase.dll
0x00007ffc69750000 - 0x00007ffc6976d000 	C:\Users\mss-122\.jdks\ms-17.0.15\bin\VCRUNTIME140.dll
0x00007ffc78960000 - 0x00007ffc78977000 	C:\Users\mss-122\.jdks\ms-17.0.15\bin\jli.dll
0x00007ffc7caa0000 - 0x00007ffc7cc64000 	C:\WINDOWS\System32\USER32.dll
0x00007ffc7bbc0000 - 0x00007ffc7bbe7000 	C:\WINDOWS\System32\win32u.dll
0x00007ffc7e810000 - 0x00007ffc7e83b000 	C:\WINDOWS\System32\GDI32.dll
0x00007ffc7bbf0000 - 0x00007ffc7bd1d000 	C:\WINDOWS\System32\gdi32full.dll
0x00007ffc7bd20000 - 0x00007ffc7bdc3000 	C:\WINDOWS\System32\msvcp_win.dll
0x00007ffc6a820000 - 0x00007ffc6aab3000 	C:\WINDOWS\WinSxS\amd64_microsoft.windows.common-controls_6595b64144ccf1df_6.0.26100.5074_none_3e0d6f78e32fd63f\COMCTL32.dll
0x00007ffc7c9f0000 - 0x00007ffc7ca99000 	C:\WINDOWS\System32\msvcrt.dll
0x00007ffc7e840000 - 0x00007ffc7e86f000 	C:\WINDOWS\System32\IMM32.DLL
0x00007ffc64860000 - 0x00007ffc649be000 	C:\WINDOWS\system32\tmumh\20019\AddOn\8.55.0.1403\TmUmEvt64.dll
0x00007ffc7d750000 - 0x00007ffc7d758000 	C:\WINDOWS\System32\PSAPI.DLL
0x00007ffc7c870000 - 0x00007ffc7c924000 	C:\WINDOWS\System32\ADVAPI32.dll
0x00007ffc7dff0000 - 0x00007ffc7e096000 	C:\WINDOWS\System32\sechost.dll
0x00007ffc7d530000 - 0x00007ffc7d648000 	C:\WINDOWS\System32\RPCRT4.dll
0x00000000725f0000 - 0x0000000072715000 	C:\WINDOWS\system32\tmumh\20019\TmMon\2.9.0.1217\tmmon64.dll
0x00007ffc68f00000 - 0x00007ffc68f0c000 	C:\Users\mss-122\.jdks\ms-17.0.15\bin\vcruntime140_1.dll
0x00007ffc3c400000 - 0x00007ffc3c48d000 	C:\Users\mss-122\.jdks\ms-17.0.15\bin\msvcp140.dll
0x00007ffbd0970000 - 0x00007ffbd15e2000 	C:\Users\mss-122\.jdks\ms-17.0.15\bin\server\jvm.dll
0x00007ffc7e0a0000 - 0x00007ffc7e114000 	C:\WINDOWS\System32\WS2_32.dll
0x00007ffc7b8b0000 - 0x00007ffc7b90e000 	C:\WINDOWS\SYSTEM32\POWRPROF.dll
0x00007ffc6aba0000 - 0x00007ffc6abd5000 	C:\WINDOWS\SYSTEM32\WINMM.dll
0x00007ffc6f120000 - 0x00007ffc6f12b000 	C:\WINDOWS\SYSTEM32\VERSION.dll
0x00007ffc7b890000 - 0x00007ffc7b8a4000 	C:\WINDOWS\SYSTEM32\UMPDC.dll
0x00007ffc7a7f0000 - 0x00007ffc7a80b000 	C:\WINDOWS\SYSTEM32\kernel.appcore.dll
0x00007ffc68ef0000 - 0x00007ffc68efa000 	C:\Users\mss-122\.jdks\ms-17.0.15\bin\jimage.dll
0x00007ffc6b4d0000 - 0x00007ffc6b712000 	C:\WINDOWS\SYSTEM32\DBGHELP.DLL
0x00007ffc7d760000 - 0x00007ffc7dadb000 	C:\WINDOWS\System32\combase.dll
0x00007ffc7dce0000 - 0x00007ffc7ddb7000 	C:\WINDOWS\System32\OLEAUT32.dll
0x00007ffc6b210000 - 0x00007ffc6b24d000 	C:\WINDOWS\SYSTEM32\dbgcore.DLL
0x00007ffc7c3e0000 - 0x00007ffc7c479000 	C:\WINDOWS\System32\bcryptPrimitives.dll
0x00007ffc5c3b0000 - 0x00007ffc5c3be000 	C:\Users\mss-122\.jdks\ms-17.0.15\bin\instrument.dll
0x00007ffc5c3e0000 - 0x00007ffc5c405000 	C:\Users\mss-122\.jdks\ms-17.0.15\bin\java.dll
0x00007ffc3c320000 - 0x00007ffc3c3f6000 	C:\Users\mss-122\.jdks\ms-17.0.15\bin\jsvml.dll
0x00007ffc7cc70000 - 0x00007ffc7d3bd000 	C:\WINDOWS\System32\SHELL32.dll
0x00007ffc7ba50000 - 0x00007ffc7bbbc000 	C:\WINDOWS\System32\wintypes.dll
0x00007ffc79480000 - 0x00007ffc79cd9000 	C:\WINDOWS\SYSTEM32\windows.storage.dll
0x00007ffc7d430000 - 0x00007ffc7d520000 	C:\WINDOWS\System32\SHCORE.dll
0x00007ffc7dc70000 - 0x00007ffc7dcd2000 	C:\WINDOWS\System32\shlwapi.dll
0x00007ffc7b970000 - 0x00007ffc7b999000 	C:\WINDOWS\SYSTEM32\profapi.dll
0x00007ffc572f0000 - 0x00007ffc57308000 	C:\Users\mss-122\.jdks\ms-17.0.15\bin\zip.dll
0x00007ffc68ed0000 - 0x00007ffc68eea000 	C:\Users\mss-122\.jdks\ms-17.0.15\bin\net.dll
0x00007ffc75430000 - 0x00007ffc7554f000 	C:\WINDOWS\SYSTEM32\WINHTTP.dll
0x00007ffc7ad50000 - 0x00007ffc7adbb000 	C:\WINDOWS\system32\mswsock.dll
0x00007ffc5c3c0000 - 0x00007ffc5c3d6000 	C:\Users\mss-122\.jdks\ms-17.0.15\bin\nio.dll
0x00007ffc5ac40000 - 0x00007ffc5ac49000 	C:\Users\mss-122\.jdks\ms-17.0.15\bin\extnet.dll
0x00007ffc5ad70000 - 0x00007ffc5ad7e000 	C:\Users\mss-122\.jdks\ms-17.0.15\bin\sunmscapi.dll
0x00007ffc7c260000 - 0x00007ffc7c3d7000 	C:\WINDOWS\System32\CRYPT32.dll
0x00007ffc7b270000 - 0x00007ffc7b2a0000 	C:\WINDOWS\SYSTEM32\ncrypt.dll
0x00007ffc7b220000 - 0x00007ffc7b25f000 	C:\WINDOWS\SYSTEM32\NTASN1.dll
0x00007ffc7b120000 - 0x00007ffc7b13b000 	C:\WINDOWS\SYSTEM32\CRYPTSP.dll
0x00007ffc7a750000 - 0x00007ffc7a78b000 	C:\WINDOWS\system32\rsaenh.dll
0x00007ffc7adf0000 - 0x00007ffc7ae1b000 	C:\WINDOWS\SYSTEM32\USERENV.dll
0x00007ffc7b940000 - 0x00007ffc7b966000 	C:\WINDOWS\SYSTEM32\bcrypt.dll
0x00007ffc7af80000 - 0x00007ffc7af8c000 	C:\WINDOWS\SYSTEM32\CRYPTBASE.dll
0x00007ffc79f80000 - 0x00007ffc79fb4000 	C:\WINDOWS\SYSTEM32\IPHLPAPI.DLL
0x00007ffc7e120000 - 0x00007ffc7e12a000 	C:\WINDOWS\System32\NSI.dll
0x00007ffc756e0000 - 0x00007ffc756fe000 	C:\WINDOWS\SYSTEM32\dhcpcsvc6.DLL
0x00007ffc755b0000 - 0x00007ffc755d3000 	C:\WINDOWS\SYSTEM32\dhcpcsvc.DLL
0x00007ffc79fc0000 - 0x00007ffc7a0e6000 	C:\WINDOWS\SYSTEM32\DNSAPI.dll
0x00007ffc572e0000 - 0x00007ffc572ea000 	C:\Users\mss-122\.jdks\ms-17.0.15\bin\management.dll
0x00007ffc572d0000 - 0x00007ffc572db000 	C:\Users\mss-122\.jdks\ms-17.0.15\bin\management_ext.dll
0x00007ffc572c0000 - 0x00007ffc572d0000 	C:\Users\mss-122\.jdks\ms-17.0.15\bin\verify.dll
0x00007ffc73350000 - 0x00007ffc7335b000 	C:\Windows\System32\rasadhlp.dll
0x00007ffc75940000 - 0x00007ffc759c6000 	C:\WINDOWS\System32\fwpuclnt.dll
0x00007ffc50280000 - 0x00007ffc50288000 	C:\WINDOWS\system32\wshunix.dll

dbghelp: loaded successfully - version: 4.0.5 - missing functions: none
symbol engine: initialized successfully - sym options: 0x614 - pdb path: .;C:\Users\mss-122\.jdks\ms-17.0.15\bin;C:\WINDOWS\SYSTEM32;C:\WINDOWS\WinSxS\amd64_microsoft.windows.common-controls_6595b64144ccf1df_6.0.26100.5074_none_3e0d6f78e32fd63f;C:\WINDOWS\system32\tmumh\20019\AddOn\8.55.0.1403;C:\WINDOWS\system32\tmumh\20019\TmMon\2.9.0.1217;C:\Users\mss-122\.jdks\ms-17.0.15\bin\server

VM Arguments:
jvm_args: -javaagent:C:\Program Files\JetBrains\IntelliJ IDEA Community Edition 2025.2.1\lib\idea_rt.jar=54521 -Dfile.encoding=UTF-8 
java_command: com.sharathtrade.StockDeatils.StockDeatilsApplication
java_class_path (initial): C:\Users\mss-122\Trade-Application\StockDeatils\target\classes;C:\Users\mss-122\.m2\repository\org\springframework\boot\spring-boot-starter-data-jpa\3.5.6\spring-boot-starter-data-jpa-3.5.6.jar;C:\Users\mss-122\.m2\repository\org\springframework\boot\spring-boot-starter\3.5.6\spring-boot-starter-3.5.6.jar;C:\Users\mss-122\.m2\repository\org\springframework\boot\spring-boot\3.5.6\spring-boot-3.5.6.jar;C:\Users\mss-122\.m2\repository\org\springframework\boot\spring-boot-autoconfigure\3.5.6\spring-boot-autoconfigure-3.5.6.jar;C:\Users\mss-122\.m2\repository\org\springframework\boot\spring-boot-starter-logging\3.5.6\spring-boot-starter-logging-3.5.6.jar;C:\Users\mss-122\.m2\repository\ch\qos\logback\logback-classic\1.5.18\logback-classic-1.5.18.jar;C:\Users\mss-122\.m2\repository\ch\qos\logback\logback-core\1.5.18\logback-core-1.5.18.jar;C:\Users\mss-122\.m2\repository\org\apache\logging\log4j\log4j-to-slf4j\2.24.3\log4j-to-slf4j-2.24.3.jar;C:\Users\mss-122\.m2\repository\org\apache\logging\log4j\log4j-api\2.24.3\log4j-api-2.24.3.jar;C:\Users\mss-122\.m2\repository\org\slf4j\jul-to-slf4j\2.0.17\jul-to-slf4j-2.0.17.jar;C:\Users\mss-122\.m2\repository\jakarta\annotation\jakarta.annotation-api\2.1.1\jakarta.annotation-api-2.1.1.jar;C:\Users\mss-122\.m2\repository\org\yaml\snakeyaml\2.4\snakeyaml-2.4.jar;C:\Users\mss-122\.m2\repository\org\springframework\boot\spring-boot-starter-jdbc\3.5.6\spring-boot-starter-jdbc-3.5.6.jar;C:\Users\mss-122\.m2\repository\com\zaxxer\HikariCP\6.3.3\HikariCP-6.3.3.jar;C:\Users\mss-122\.m2\repository\org\springframework\spring-jdbc\6.2.11\spring-jdbc-6.2.11.jar;C:\Users\mss-122\.m2\repository\org\hibernate\orm\hibernate-core\6.6.29.Final\hibernate-core-6.6.29.Final.jar;C:\Users\mss-122\.m2\repository\jakarta\persistence\jakarta.persistence-api\3.1.0\jakarta.persistence-api-3.1.0.jar;C:\Users\mss-122\.m2\repository\jakarta\transaction\jakarta.transaction-api\2.0.1\jakarta.transaction-api-2.0.1.jar;C:\Users\mss-122\
Launcher Type: SUN_STANDARD

[Global flags]
     intx CICompilerCount                          = 4                                         {product} {ergonomic}
     uint ConcGCThreads                            = 2                                         {product} {ergonomic}
     uint G1ConcRefinementThreads                  = 8                                         {product} {ergonomic}
   size_t G1HeapRegionSize                         = 1048576                                   {product} {ergonomic}
    uintx GCDrainStackTargetSize                   = 64                                        {product} {ergonomic}
   size_t InitialHeapSize                          = 62914560                                  {product} {ergonomic}
   size_t MarkStackSize                            = 4194304                                   {product} {ergonomic}
   size_t MaxHeapSize                              = 1000341504                                {product} {ergonomic}
   size_t MaxNewSize                               = 599785472                                 {product} {ergonomic}
   size_t MinHeapDeltaBytes                        = 1048576                                   {product} {ergonomic}
   size_t MinHeapSize                              = 8388608                                   {product} {ergonomic}
    uintx NonNMethodCodeHeapSize                   = 5839372                                {pd product} {ergonomic}
    uintx NonProfiledCodeHeapSize                  = 122909434                              {pd product} {ergonomic}
    uintx ProfiledCodeHeapSize                     = 122909434                              {pd product} {ergonomic}
    uintx ReservedCodeCacheSize                    = 251658240                              {pd product} {ergonomic}
     bool SegmentedCodeCache                       = true                                      {product} {ergonomic}
   size_t SoftMaxHeapSize                          = 1000341504                             {manageable} {ergonomic}
     bool UseCompressedClassPointers               = true                           {product lp64_product} {ergonomic}
     bool UseCompressedOops                        = true                           {product lp64_product} {ergonomic}
     bool UseG1GC                                  = true                                      {product} {ergonomic}
     bool UseLargePagesIndividualAllocation        = false                                  {pd product} {ergonomic}

Logging:
Log output configuration:
 #0: stdout all=warning uptime,level,tags
 #1: stderr all=off uptime,level,tags

Environment Variables:
JAVA_HOME=C:\Program Files\Java\jdk-17
PATH=C:\Program Files\Common Files\Oracle\Java\javapath;C:\Python313\Scripts\;C:\Python313\;C:\Python312\Scripts\;C:\Python312\;C:\WINDOWS\system32;C:\WINDOWS;C:\WINDOWS\System32\Wbem;C:\WINDOWS\System32\WindowsPowerShell\v1.0\;C:\WINDOWS\System32\OpenSSH\;C:\ProgramData\chocolatey\bin;C:\Program Files (x86)\PuTTY\;C:\Program Files\nodejs\;C:\Program Files\nodejs\node_modules\npm\bin;C:\Program Files\Erlang OTP\bin;C:\Program Files\RabbitMQ Server\rabbitmq_server-3.11.11\sbin;C:\Users\mss-122\Downloads\kafka\kafka_2.12-3.6.0\bin\windows;C:\Program Files\Java\jdk-17;C:\Program Files\maven-mvnd-1.0.2-windows-amd64\bin;;C:\Program Files\Docker\Docker\resources\bin;C:\Users\mss-122\AppData\Local\Microsoft\WindowsApps;C:\Users\mss-122\AppData\Local\Programs\Microsoft VS Code\bin;C:\Users\mss-122\AppData\Local\Programs\Git\cmd;C:\Users\mss-122\AppData\Roaming\npm;
USERNAME=MSS-122
OS=Windows_NT
PROCESSOR_IDENTIFIER=Intel64 Family 6 Model 165 Stepping 3, GenuineIntel
TMP=C:\Users\mss-122\AppData\Local\Temp
TEMP=C:\Users\mss-122\AppData\Local\Temp



Periodic native trim disabled


---------------  S Y S T E M  ---------------

OS:
 Windows 11 , 64 bit Build 26100 (10.0.26100.5074)
OS uptime: 14 days 19:12 hours
Hyper-V role detected

CPU: total 8 (initial active 8) (4 cores per cpu, 2 threads per core) family 6 model 165 stepping 3 microcode 0xfc, cx8, cmov, fxsr, ht, mmx, 3dnowpref, sse, sse2, sse3, ssse3, sse4.1, sse4.2, popcnt, lzcnt, tsc, tscinvbit, avx, avx2, aes, erms, clmul, bmi1, bmi2, adx, fma, vzeroupper, clflush, clflushopt, hv
Processor Information for the first 8 processors :
  Max Mhz: 3701, Current Mhz: 3701, Mhz Limit: 3701

Memory: 4k page, system-wide physical 3808M (573M free)
TotalPageFile size 15584M (AvailPageFile size 16M)
current process WorkingSet (physical memory assigned to process): 65M, peak: 224M
current process commit charge ("private bytes"): 262M, peak: 275M

vm_info: OpenJDK 64-Bit Server VM (17.0.15+6-LTS) for windows-amd64 JRE (17.0.15+6-LTS), built on Apr  9 2025 22:27:25 by "MicrosoftCorporation" with unknown MS VC++:1939

END.
